#####START_QA_SUMMARY_FILE##############################################
WBNM Version :2017_001
RUNFILE      :D:\WBNM 2017\WBNM2017_v001\Sample_Runfiles\Natural2012.wbn
This QA focussed listing records the basic run details and any warnings

      Program run at 11:55 on  1/11/2019


Rienco Consulting                                               
Engineering Hydrologists                                        
5 Pelham St                                                     
Sorell                                                          
Tasmania                                                        
Australia                                                       
7172                                                            
0437 250 500                                                    
NA                                                              
ted.rigby@rienco.com.au                                         
Ted Rigby                                                       

out_metafile         =F
out_culverts         =F
out_scourable        =F
out_critdes          =T
sum_catchment        =F
sum_volumes          =F
sum_outlet_structures=F
sum_local_structures =F
sum_subareas         =F
sum_depths           =F
sum_Qpeaks           =F
sum_Tpeaks           =F
sum_Storms           =T
dbg_run              =F
dbg_echo             =F
trig_flowmin         =5           
lag_multiplier       =3.00        


#####START_PREAMBLE_BLOCK##########|###########|###########|###########|
RUNFILE Natural.wbn

NATURAL CATCHMENT, RECORDED STORM
2 rain gauges, rainfall in mm/hour
Recorded hydrograph at catchment outlet



#####END_PREAMBLE_BLOCK############|###########|###########|###########|


#####START_STATUS_BLOCK############|###########|###########|###########|
C:\wbnm\Sample Runfiles\Natural.wbn
last edited  16/ 9/2003
by  Joe Blake of Your Organisation
2012_000    Unchecked_Edited_Model
 WRNING - INPUT_CATCHMENT_DATA -  runfile version 2012 may not be compatible with this current 2017 version of WBNM
                                  WBNM will continue to run but check your runfile version number!
 
#####END_STATUS_BLOCK##############|###########|###########|###########|


#####START_DISPLAY_BLOCK###########|###########|###########|###########|
      2000.0     12000.0     18000.0      2000.0
        none
      2000.0     12000.0     18000.0      2000.0     18000.0     12000.0
#####END_DISPLAY_BLOCK#############|###########|###########|###########|


#####START_TOPOLOGY_BLOCK##########|###########|###########|###########|
           5                     Not Included in Runfile
SUB1              5000.0      5600.0      8000.0      7400.0 SUB3        
SUB2              6000.0      9200.0      8000.0      7400.0 SUB3        
SUB3              9000.0      7400.0     12000.0      6800.0 SUB5        
SUB4             11000.0      9800.0     12000.0      6800.0 SUB5        
SUB5             14000.0      5600.0     16000.0      4600.0 SINK        
#####END_TOPOLOGY_BLOCK############|###########|###########|###########|


#####START_SURFACES_BLOCK##########|###########|###########|###########|
        0.77
 WARNING - INPPUT_CATCHMENT_DATA - You are not inputing global C and ILF values for the catchment in a natural condition
           Note there is no data to support varying natural lag across a catchment in any research undertaken for WBNM 
           In WBNM, C has been derived for the global catchment, in its natural condition, refer manual for guidance
           All impacts of urbanisation, storages  and WC improvements, on catchment lag, are included in WBNM
      -99.90
SUB1             1200.00         0.0        1.70        0.10
SUB2              600.00         0.0        1.70        0.10
SUB3             1800.00         0.0        1.70        0.10
SUB4             2400.00         0.0        1.70        0.10
SUB5             1200.00         0.0        1.70        0.10
#####END_SURFACES_BLOCK############|###########|###########|###########|


#####START_FLOWPATHS_BLOCK#########|###########|###########|###########|
           2
SUB3        
#####ROUTING
        1.00
SUB5        
#####ROUTING
        1.00
#####END_FLOWPATHS_BLOCK###########|###########|###########|###########|


#####START_LOCAL_STRUCTURES_BLOCK##|###########|###########|###########|
           0
#####END_LOCAL_STRUCTURES_BLOCK####|###########|###########|###########|
                                                                                                                                
                                                                                                                                
#####START_OUTLET_STRUCTURES_BLOCK#|###########|###########|###########|
           0
#####END_OUTLET_STRUCTURES_BLOCK###|###########|###########|###########|


#####START_STORM_BLOCK#############|###########|###########|###########|
           1  (storms    1 Total number of events O/A)
 
 
#####START_STORM#1  
EXAMPLE OF A RECORDED STORM ON A NATURAL CATCHMENT.
       10.00
       20.00
#####START_RECORDED_RAIN                
01/01/2005                  
2115                        
           8       20.00
MM/HOUR                     
           2
RAIN GAUGE 1
     15000.0      9000.0
        6.00
       14.00
       28.00
       15.00
       22.00
       18.00
        8.00
        5.00
RAIN GAUGE 2
      7000.0      5000.0
       12.00
       10.00
       30.00
       18.00
       18.00
       16.00
        4.00
        2.00
#####END_RECORDED_RAIN
#####START_INPUT_RAINGAUGE_WEIGHTS      
SUB1                1.00        0.00
SUB2                1.00        0.00
SUB3                1.00        0.00
SUB4                0.00        1.00
SUB5                0.00        1.00
#####END_INPUT_RAINGAUGE_WEIGHTS
#####START_LOSS_RATES             
SUB1                2.00        1.50        0.00
SUB2                2.00        1.50        0.00
SUB3                2.00        1.50        0.00
SUB4                2.00        1.50        0.00
SUB5                2.00        1.50        0.00
#####END_LOSS_RATES
#####START_RECORDED_HYDROGRAPHS
           1
#####START_RECORDED_HYDROGRAPH#1
SUB5        
BOTTOM      
          40       30.00
DISCHARGE     
       0.000
       2.000
      13.000
      25.000
      48.000
      62.000
      65.000
      72.000
      75.000
      68.000
      66.000
      64.000
      60.000
      55.000
      50.000
      47.000
      43.000
      39.000
      36.000
      32.000
      30.000
      27.000
      25.000
      23.000
      21.000
      19.000
      17.000
      15.000
      13.000
      11.000
       9.000
       7.000
       6.000
       5.000
       4.000
       3.000
       2.000
       1.000
       1.000
       0.000
#####END_RECORDED_HYDROGRAPH#1
#####END_RECORDED_HYDROGRAPHS
#####START_IMPORTED_HYDROGRAPHS
           0
#####END_IMPORTED_HYDROGRAPHS
#####END_STORM#1
 
#####START_SIMULATION for REC storm with input hyetograph in runfile with event ID of, ::1-Historic-Historic-Historic(REC
 
===== WBNM SUMMARY FOR THIS CATCHMENT AND STORM  ================== 1-REC
 
  EXAMPLE OF A RECORDED STORM ON A NATURAL CATCHMENT.
  Current model runfile       = D:\WBNM 2017\WBNM2017_v001\Sample_Runfiles\Natural2012.wbn                      
  Catchment Name              = Not Included in Runfile
  Catchment area   (hectares) =      7200.00
  Impervious percent          =         0.00
 
  Rainfall depth         (mm) =        37.67 - averaged over catchment
  Excess rainfall        (mm) =        32.04 - catchment average after all losses
 
  Calc. runoff depth     (mm) =        31.17 - from outlet
  Rec. runoff depth      (mm) =        29.02 - from outlet
 
  Calc. peak discharge (m3/s) =        72.58 - from outlet
  Rec. peak discharge  (m3/s) =        75.00 - from outlet
 
===== WBNM SUMMARY FOR THIS CATCHMENT AND STORM ==========================
 
#####END_RESULTS_STORM_  1
 
#####END_QA_SUMMARY_FILE################################################
